<?xml version="1.0" encoding="UTF-8"?>
<testng-results ignored="0" total="1" passed="1" failed="0" skipped="0">
  <reporter-output>
  </reporter-output>
  <suite started-at="2023-03-04T00:53:04 IST" name="Default suite" finished-at="2023-03-04T00:53:07 IST" duration-ms="2664">
    <groups>
    </groups>
    <test started-at="2023-03-04T00:53:04 IST" name="Default test" finished-at="2023-03-04T00:53:07 IST" duration-ms="2664">
      <class name="utils.ApiClass">
        <test-method signature="panicButoon()[pri:0, instance:utils.ApiClass@338fc1d8]" started-at="2023-03-04T00:53:04 IST" name="panicButoon" finished-at="2023-03-04T00:53:07 IST" duration-ms="2634" status="PASS">
          <reporter-output>
          </reporter-output>
        </test-method> <!-- panicButoon -->
      </class> <!-- utils.ApiClass -->
    </test> <!-- Default test -->
  </suite> <!-- Default suite -->
</testng-results>
