<?xml version="1.0" encoding="UTF-8"?>
<testng-results ignored="2" total="9" passed="7" failed="0" skipped="0">
  <reporter-output>
    <line>
      <![CDATA[Browser closed successfully]]>
    </line>
  </reporter-output>
  <suite started-at="2023-03-07T17:15:52 IST" name="CHL Create Patient" finished-at="2023-03-07T17:16:37 IST" duration-ms="45005">
    <groups>
    </groups>
    <test started-at="2023-03-07T17:15:52 IST" name="Create Patient and verify patient is created " finished-at="2023-03-07T17:16:37 IST" duration-ms="45005">
      <class name="chl.CreateSensor">
        <test-method signature="openTLSAdmin()[pri:4, instance:chl.CreateSensor@7bbc8656]" started-at="2023-03-07T17:16:19 IST" name="openTLSAdmin" finished-at="2023-03-07T17:16:25 IST" duration-ms="5831" status="PASS">
          <reporter-output>
          </reporter-output>
        </test-method> <!-- openTLSAdmin -->
        <test-method signature="createNeedHelpSensor(java.lang.String,java.lang.String,java.lang.String,java.lang.String,java.lang.String,java.lang.String,java.lang.String,java.lang.String,java.lang.String)[pri:5, instance:chl.CreateSensor@7bbc8656]" started-at="2023-03-07T17:16:25 IST" name="createNeedHelpSensor" data-provider="Patient Data" finished-at="2023-03-07T17:16:29 IST" duration-ms="3689" status="PASS">
          <params>
            <param index="0">
              <value>
                <![CDATA[Test Agency 1.1 (performance testing)]]>
              </value>
            </param>
            <param index="1">
              <value>
                <![CDATA[Miya]]>
              </value>
            </param>
            <param index="2">
              <value>
                <![CDATA[hanzo]]>
              </value>
            </param>
            <param index="3">
              <value>
                <![CDATA[miyaaa@gmail.com]]>
              </value>
            </param>
            <param index="4">
              <value>
                <![CDATA[Test@123]]>
              </value>
            </param>
            <param index="5">
              <value>
                <![CDATA[+917676567656]]>
              </value>
            </param>
            <param index="6">
              <value>
                <![CDATA[20-12-2022]]>
              </value>
            </param>
            <param index="7">
              <value>
                <![CDATA[Male]]>
              </value>
            </param>
            <param index="8">
              <value>
                <![CDATA[Chennai]]>
              </value>
            </param>
          </params>
          <reporter-output>
          </reporter-output>
        </test-method> <!-- createNeedHelpSensor -->
        <test-method signature="createDoorWindowSensor()[pri:6, instance:chl.CreateSensor@7bbc8656]" started-at="2023-03-07T17:16:29 IST" name="createDoorWindowSensor" finished-at="2023-03-07T17:16:33 IST" duration-ms="3888" status="PASS">
          <reporter-output>
          </reporter-output>
        </test-method> <!-- createDoorWindowSensor -->
        <test-method signature="createMotionSensor()[pri:7, instance:chl.CreateSensor@7bbc8656]" started-at="2023-03-07T17:16:33 IST" name="createMotionSensor" finished-at="2023-03-07T17:16:37 IST" duration-ms="4190" status="PASS">
          <reporter-output>
          </reporter-output>
        </test-method> <!-- createMotionSensor -->
      </class> <!-- chl.CreateSensor -->
      <class name="chl.CreatePatient">
        <test-method is-config="true" signature="driverInitiation()[pri:0, instance:chl.CreatePatient@5276d6ee]" started-at="2023-03-07T17:15:50 IST" name="driverInitiation" description="Login into CHL" finished-at="2023-03-07T17:15:52 IST" duration-ms="1548" status="PASS">
          <reporter-output>
          </reporter-output>
        </test-method> <!-- driverInitiation -->
        <test-method signature="login()[pri:1, instance:chl.CreatePatient@5276d6ee]" started-at="2023-03-07T17:15:52 IST" name="login" finished-at="2023-03-07T17:16:01 IST" duration-ms="9593" status="PASS">
          <reporter-output>
          </reporter-output>
        </test-method> <!-- login -->
        <test-method signature="createPatient(java.lang.String,java.lang.String,java.lang.String,java.lang.String,java.lang.String,java.lang.String,java.lang.String,java.lang.String,java.lang.String)[pri:2, instance:chl.CreatePatient@5276d6ee]" started-at="2023-03-07T17:16:03 IST" name="createPatient" data-provider="Patient Data" finished-at="2023-03-07T17:16:14 IST" duration-ms="10232" status="PASS">
          <params>
            <param index="0">
              <value>
                <![CDATA[Test Agency 1.1 (performance testing)]]>
              </value>
            </param>
            <param index="1">
              <value>
                <![CDATA[Miya]]>
              </value>
            </param>
            <param index="2">
              <value>
                <![CDATA[hanzo]]>
              </value>
            </param>
            <param index="3">
              <value>
                <![CDATA[miyaaa@gmail.com]]>
              </value>
            </param>
            <param index="4">
              <value>
                <![CDATA[Test@123]]>
              </value>
            </param>
            <param index="5">
              <value>
                <![CDATA[+917676567656]]>
              </value>
            </param>
            <param index="6">
              <value>
                <![CDATA[20-12-2022]]>
              </value>
            </param>
            <param index="7">
              <value>
                <![CDATA[Male]]>
              </value>
            </param>
            <param index="8">
              <value>
                <![CDATA[Chennai]]>
              </value>
            </param>
          </params>
          <reporter-output>
          </reporter-output>
        </test-method> <!-- createPatient -->
        <test-method signature="patientList()[pri:3, instance:chl.CreatePatient@5276d6ee]" started-at="2023-03-07T17:16:14 IST" name="patientList" finished-at="2023-03-07T17:16:19 IST" duration-ms="5419" status="PASS">
          <reporter-output>
          </reporter-output>
        </test-method> <!-- patientList -->
        <test-method is-config="true" signature="closeBrowser()[pri:0, instance:chl.CreatePatient@5276d6ee]" started-at="2023-03-07T17:16:37 IST" name="closeBrowser" description="Closing the browser" finished-at="2023-03-07T17:16:37 IST" duration-ms="123" status="PASS">
          <reporter-output>
            <line>
              <![CDATA[Browser closed successfully]]>
            </line>
          </reporter-output>
        </test-method> <!-- closeBrowser -->
      </class> <!-- chl.CreatePatient -->
    </test> <!-- Create Patient and verify patient is created  -->
  </suite> <!-- CHL Create Patient -->
</testng-results>
