<?xml version="1.0" encoding="UTF-8"?>
<testng-results ignored="0" total="2" passed="2" failed="0" skipped="0">
  <reporter-output>
  </reporter-output>
  <suite started-at="2023-03-01T19:28:17 IST" name="Default suite" finished-at="2023-03-01T19:28:40 IST" duration-ms="22525">
    <groups>
    </groups>
    <test started-at="2023-03-01T19:28:17 IST" name="Default test" finished-at="2023-03-01T19:28:40 IST" duration-ms="22525">
      <class name="chl.CreatePatient">
        <test-method is-config="true" signature="driverInitiation()[pri:0, instance:chl.CreatePatient@4a8355dd]" started-at="2023-03-01T19:28:15 IST" name="driverInitiation" description="Login into CHL" finished-at="2023-03-01T19:28:17 IST" duration-ms="1601" status="PASS">
          <reporter-output>
          </reporter-output>
        </test-method> <!-- driverInitiation -->
        <test-method signature="login()[pri:1, instance:chl.CreatePatient@4a8355dd]" started-at="2023-03-01T19:28:17 IST" name="login" finished-at="2023-03-01T19:28:26 IST" duration-ms="8875" status="PASS">
          <reporter-output>
          </reporter-output>
        </test-method> <!-- login -->
        <test-method signature="createPatient(java.lang.String,java.lang.String,java.lang.String,java.lang.String,java.lang.String,java.lang.String,java.lang.String,java.lang.String,java.lang.String)[pri:2, instance:chl.CreatePatient@4a8355dd]" started-at="2023-03-01T19:28:28 IST" name="createPatient" data-provider="Patient Data" finished-at="2023-03-01T19:28:40 IST" duration-ms="11563" status="PASS">
          <params>
            <param index="0">
              <value>
                <![CDATA[Test Agency 1.1 (performance testing)]]>
              </value>
            </param>
            <param index="1">
              <value>
                <![CDATA[Agency Test Patient(feb)]]>
              </value>
            </param>
            <param index="2">
              <value>
                <![CDATA[Laptop]]>
              </value>
            </param>
            <param index="3">
              <value>
                <![CDATA[febpatienttest@gmail.com]]>
              </value>
            </param>
            <param index="4">
              <value>
                <![CDATA[Test@123]]>
              </value>
            </param>
            <param index="5">
              <value>
                <![CDATA[+917676567656]]>
              </value>
            </param>
            <param index="6">
              <value>
                <![CDATA[20-12-2022]]>
              </value>
            </param>
            <param index="7">
              <value>
                <![CDATA[Female]]>
              </value>
            </param>
            <param index="8">
              <value>
                <![CDATA[Chennai]]>
              </value>
            </param>
          </params>
          <reporter-output>
          </reporter-output>
        </test-method> <!-- createPatient -->
      </class> <!-- chl.CreatePatient -->
    </test> <!-- Default test -->
  </suite> <!-- Default suite -->
</testng-results>
