<?xml version="1.0" encoding="UTF-8"?>
<testsuite name="Create Patient and verify patient is created "
           tests="3"
           failures="0"
           errors="0"
           skipped="0"
           time="24.021">
    <properties></properties>



            <testcase
                name="createPatient"
                time="10.045"
                classname="chl.CreatePatient">
            </testcase>
            <testcase
                name="login"
                time="8.519"
                classname="chl.CreatePatient">
            </testcase>
            <testcase
                name="patientList"
                time="5.457"
                classname="chl.CreatePatient">
            </testcase>
</testsuite>
