<?xml version="1.0" encoding="UTF-8"?>
<testsuite name="Create Patient and verify patient is created "
           tests="4"
           failures="0"
           errors="0"
           skipped="0"
           time="17.598">
    <properties></properties>



            <testcase
                name="createNeedHelpSensor"
                time="3.689"
                classname="chl.CreateSensor">
            </testcase>
            <testcase
                name="openTLSAdmin"
                time="5.831"
                classname="chl.CreateSensor">
            </testcase>
            <testcase
                name="createMotionSensor"
                time="4.190"
                classname="chl.CreateSensor">
            </testcase>
            <testcase
                name="createDoorWindowSensor"
                time="3.888"
                classname="chl.CreateSensor">
            </testcase>
</testsuite>
