<?xml version="1.0" encoding="UTF-8"?>
<testsuite name="Create Patient and verify patient is created "
           tests="4"
           failures="0"
           errors="0"
           skipped="0"
           time="15.411">
    <properties></properties>



            <testcase
                name="createNeedHelpSensor"
                time="3.360"
                classname="chl.CreateSensor">
            </testcase>
            <testcase
                name="createDoorWindowSensor"
                time="3.305"
                classname="chl.CreateSensor">
            </testcase>
            <testcase
                name="openTLSAdmin"
                time="5.191"
                classname="chl.CreateSensor">
            </testcase>
            <testcase
                name="createMotionSensor"
                time="3.555"
                classname="chl.CreateSensor">
            </testcase>
</testsuite>
