<?xml version="1.0" encoding="UTF-8"?>
<testsuite name="Create Patient and verify patient is created "
           tests="3"
           failures="0"
           errors="0"
           skipped="0"
           time="5.718">
    <properties></properties>



            <testcase
                name="motion"
                time="1.224"
                classname="utils.ApiClass">
            </testcase>
            <testcase
                name="panicButoon"
                time="3.211"
                classname="utils.ApiClass">
            </testcase>
            <testcase
                name="doorAndWindow"
                time="1.283"
                classname="utils.ApiClass">
            </testcase>
</testsuite>
