<?xml version="1.0" encoding="UTF-8"?>
<!-- Generated by org.testng.reporters.JUnitXMLReporter -->
<testsuite ignored="0" hostname="Rehan" failures="1" tests="2" name="CreatPatient" time="21.492" errors="0" timestamp="2023-03-03T13:51:07 IST">
  <testcase classname="chl.CreatePatient" name="login" time="9.19"/>
  <testcase classname="chl.CreatePatient" name="createPatient" time="9.951">
    <failure type="java.lang.AssertionError" message="The following asserts failed:
	did not expect [The Agency Subscription field is required.] but found [The Agency Subscription field is required.],
	did not expect [The Primary Phone Number field is required.] but found [The Primary Phone Number field is required.]">
      <![CDATA[java.lang.AssertionError: The following asserts failed:
did not expect [The Agency Subscription field is required.] but found [The Agency Subscription field is required.],
did not expect [The Primary Phone Number field is required.] but found [The Primary Phone Number field is required.]
at chl.CreatePatient.createPatient(CreatePatient.java:129)
at java.base/java.util.ArrayList.forEach(ArrayList.java:1511)
... Removed 29 stack frames]]>
    </failure>
  </testcase> <!-- createPatient -->
</testsuite> <!-- CreatPatient -->
