<?xml version="1.0" encoding="UTF-8"?>
<!-- Generated by org.testng.reporters.JUnitXMLReporter -->
<testsuite ignored="0" hostname="Rehan" failures="1" tests="1" name="Test" time="0.023" errors="0" timestamp="2023-02-28T17:06:06 IST">
  <testcase classname="chl.LoginPage" name="login" time="0.0">
    <failure type="org.testng.TestNGException" message="
Method public void chl.LoginPage.login(java.lang.String,java.lang.String) requires a @DataProvider named : Patient Data">
      <![CDATA[org.testng.TestNGException: 
Method public void chl.LoginPage.login(java.lang.String,java.lang.String) requires a @DataProvider named : Patient Data
at java.base/java.util.ArrayList.forEach(ArrayList.java:1511)
... Removed 24 stack frames]]>
    </failure>
  </testcase> <!-- login -->
</testsuite> <!-- Test -->
