<?xml version="1.0" encoding="UTF-8"?>
<!-- Generated by org.testng.reporters.JUnitXMLReporter -->
<testsuite ignored="0" hostname="Rehan" failures="0" tests="4" name="Default test" time="19.272" errors="0" timestamp="2023-03-07T17:13:53 IST">
  <testcase classname="chl.CreateSensor" name="openTLSAdmin" time="5.676"/>
  <testcase classname="chl.CreateSensor" name="createNeedHelpSensor" time="3.607"/>
  <testcase classname="chl.CreateSensor" name="createDoorWindowSensor" time="4.461"/>
  <testcase classname="chl.CreateSensor" name="createMotionSensor" time="3.687"/>
</testsuite> <!-- Default test -->
