<?xml version="1.0" encoding="UTF-8"?>
<testsuite name="Create Patient and verify patient is created "
           tests="3"
           failures="0"
           errors="0"
           skipped="0"
           time="25.304">
    <properties></properties>



            <testcase
                name="login"
                time="7.123"
                classname="chl.CreatePatient">
            </testcase>
            <testcase
                name="patientList"
                time="6.645"
                classname="chl.CreatePatient">
            </testcase>
            <testcase
                name="createPatient"
                time="11.536"
                classname="chl.CreatePatient">
            </testcase>
</testsuite>
