<?xml version="1.0" encoding="UTF-8"?>
<testsuite name="Create Patient and verify patient is created "
           tests="4"
           failures="0"
           errors="0"
           skipped="0"
           time="15.887">
    <properties></properties>



            <testcase
                name="createMotionSensor"
                time="3.694"
                classname="chl.CreateSensor">
            </testcase>
            <testcase
                name="createNeedHelpSensor"
                time="3.625"
                classname="chl.CreateSensor">
            </testcase>
            <testcase
                name="createDoorWindowSensor"
                time="3.554"
                classname="chl.CreateSensor">
            </testcase>
            <testcase
                name="openTLSAdmin"
                time="5.014"
                classname="chl.CreateSensor">
            </testcase>
</testsuite>
