<?xml version="1.0" encoding="UTF-8"?>
<testsuite name="Create Patient and verify patient is created "
           tests="3"
           failures="0"
           errors="0"
           skipped="0"
           time="5.505">
    <properties></properties>



            <testcase
                name="doorAndWindow"
                time="1.176"
                classname="chl.ApiClass">
            </testcase>
            <testcase
                name="motion"
                time="1.193"
                classname="chl.ApiClass">
            </testcase>
            <testcase
                name="panicButoon"
                time="3.136"
                classname="chl.ApiClass">
            </testcase>
</testsuite>
