<?xml version="1.0" encoding="UTF-8"?>
<testsuite name="Create Patient and verify patient is created "
           tests="4"
           failures="0"
           errors="0"
           skipped="0"
           time="16.174">
    <properties></properties>



            <testcase
                name="createMotionSensor"
                time="3.984"
                classname="chl.CreateSensor">
            </testcase>
            <testcase
                name="createDoorWindowSensor"
                time="4.407"
                classname="chl.CreateSensor">
            </testcase>
            <testcase
                name="openTLSAdmin"
                time="3.385"
                classname="chl.CreateSensor">
            </testcase>
            <testcase
                name="createNeedHelpSensor"
                time="4.398"
                classname="chl.CreateSensor">
            </testcase>
</testsuite>
