<?xml version="1.0" encoding="UTF-8"?>
<testng-results ignored="4" total="15" passed="11" failed="0" skipped="0">
  <reporter-output>
    <line>
      <![CDATA[Browser closed successfully]]>
    </line>
  </reporter-output>
  <suite started-at="2023-03-13T15:59:05 IST" name="CHL Create Patient" finished-at="2023-03-13T16:00:48 IST" duration-ms="102332">
    <groups>
    </groups>
    <test started-at="2023-03-13T15:59:05 IST" name="Create Patient and verify patient is created " finished-at="2023-03-13T16:00:48 IST" duration-ms="102332">
      <class name="chl.CreateSensor">
        <test-method signature="openTLSAdmin()[pri:4, instance:chl.CreateSensor@66ea810]" started-at="2023-03-13T15:59:35 IST" name="openTLSAdmin" finished-at="2023-03-13T15:59:40 IST" duration-ms="5014" status="PASS">
          <reporter-output>
          </reporter-output>
        </test-method> <!-- openTLSAdmin -->
        <test-method signature="createNeedHelpSensor(java.lang.String,java.lang.String,java.lang.String,java.lang.String,java.lang.String,java.lang.String,java.lang.String,java.lang.String,java.lang.String)[pri:5, instance:chl.CreateSensor@66ea810]" started-at="2023-03-13T15:59:40 IST" name="createNeedHelpSensor" data-provider="Patient Data" finished-at="2023-03-13T15:59:44 IST" duration-ms="3625" status="PASS">
          <params>
            <param index="0">
              <value>
                <![CDATA[Test Agency 1.1 (performance testing)]]>
              </value>
            </param>
            <param index="1">
              <value>
                <![CDATA[Vaxena]]>
              </value>
            </param>
            <param index="2">
              <value>
                <![CDATA[Legend]]>
              </value>
            </param>
            <param index="3">
              <value>
                <![CDATA[vaxena@gmail.com]]>
              </value>
            </param>
            <param index="4">
              <value>
                <![CDATA[Test@123]]>
              </value>
            </param>
            <param index="5">
              <value>
                <![CDATA[+917676567656]]>
              </value>
            </param>
            <param index="6">
              <value>
                <![CDATA[20-12-2022]]>
              </value>
            </param>
            <param index="7">
              <value>
                <![CDATA[Male]]>
              </value>
            </param>
            <param index="8">
              <value>
                <![CDATA[Chennai]]>
              </value>
            </param>
          </params>
          <reporter-output>
          </reporter-output>
        </test-method> <!-- createNeedHelpSensor -->
        <test-method signature="createDoorWindowSensor()[pri:6, instance:chl.CreateSensor@66ea810]" started-at="2023-03-13T15:59:44 IST" name="createDoorWindowSensor" finished-at="2023-03-13T15:59:48 IST" duration-ms="3554" status="PASS">
          <reporter-output>
          </reporter-output>
        </test-method> <!-- createDoorWindowSensor -->
        <test-method signature="createMotionSensor()[pri:7, instance:chl.CreateSensor@66ea810]" started-at="2023-03-13T15:59:48 IST" name="createMotionSensor" finished-at="2023-03-13T15:59:51 IST" duration-ms="3694" status="PASS">
          <reporter-output>
          </reporter-output>
        </test-method> <!-- createMotionSensor -->
      </class> <!-- chl.CreateSensor -->
      <class name="chl.CreatePatient">
        <test-method is-config="true" signature="driverInitiation()[pri:0, instance:chl.CreatePatient@7dfb0c0f]" started-at="2023-03-13T15:59:02 IST" name="driverInitiation" description="Login into CHL" finished-at="2023-03-13T15:59:05 IST" duration-ms="3177" status="PASS">
          <reporter-output>
          </reporter-output>
        </test-method> <!-- driverInitiation -->
        <test-method signature="login()[pri:1, instance:chl.CreatePatient@7dfb0c0f]" started-at="2023-03-13T15:59:05 IST" name="login" finished-at="2023-03-13T15:59:15 IST" duration-ms="9142" status="PASS">
          <reporter-output>
          </reporter-output>
        </test-method> <!-- login -->
        <test-method signature="createPatient(java.lang.String,java.lang.String,java.lang.String,java.lang.String,java.lang.String,java.lang.String,java.lang.String,java.lang.String,java.lang.String)[pri:2, instance:chl.CreatePatient@7dfb0c0f]" started-at="2023-03-13T15:59:16 IST" name="createPatient" data-provider="Patient Data" finished-at="2023-03-13T15:59:27 IST" duration-ms="11722" status="PASS">
          <params>
            <param index="0">
              <value>
                <![CDATA[Test Agency 1.1 (performance testing)]]>
              </value>
            </param>
            <param index="1">
              <value>
                <![CDATA[Vaxena]]>
              </value>
            </param>
            <param index="2">
              <value>
                <![CDATA[Legend]]>
              </value>
            </param>
            <param index="3">
              <value>
                <![CDATA[vaxena@gmail.com]]>
              </value>
            </param>
            <param index="4">
              <value>
                <![CDATA[Test@123]]>
              </value>
            </param>
            <param index="5">
              <value>
                <![CDATA[+917676567656]]>
              </value>
            </param>
            <param index="6">
              <value>
                <![CDATA[20-12-2022]]>
              </value>
            </param>
            <param index="7">
              <value>
                <![CDATA[Male]]>
              </value>
            </param>
            <param index="8">
              <value>
                <![CDATA[Chennai]]>
              </value>
            </param>
          </params>
          <reporter-output>
          </reporter-output>
        </test-method> <!-- createPatient -->
        <test-method signature="patientList()[pri:3, instance:chl.CreatePatient@7dfb0c0f]" started-at="2023-03-13T15:59:27 IST" name="patientList" finished-at="2023-03-13T15:59:35 IST" duration-ms="7995" status="PASS">
          <reporter-output>
          </reporter-output>
        </test-method> <!-- patientList -->
        <test-method is-config="true" signature="closeBrowser()[pri:0, instance:chl.CreatePatient@7dfb0c0f]" started-at="2023-03-13T16:00:48 IST" name="closeBrowser" description="Closing the browser" finished-at="2023-03-13T16:00:48 IST" duration-ms="138" status="PASS">
          <reporter-output>
            <line>
              <![CDATA[Browser closed successfully]]>
            </line>
          </reporter-output>
        </test-method> <!-- closeBrowser -->
      </class> <!-- chl.CreatePatient -->
      <class name="chl.AcceptAlerts">
        <test-method signature="acceptAlerts()[pri:11, instance:chl.AcceptAlerts@5dafbe45]" started-at="2023-03-13T15:59:57 IST" name="acceptAlerts" finished-at="2023-03-13T16:00:48 IST" duration-ms="50871" status="PASS">
          <reporter-output>
          </reporter-output>
        </test-method> <!-- acceptAlerts -->
      </class> <!-- chl.AcceptAlerts -->
      <class name="chl.ApiClass">
        <test-method signature="panicButoon()[pri:8, instance:chl.ApiClass@6cd24612]" started-at="2023-03-13T15:59:51 IST" name="panicButoon" finished-at="2023-03-13T15:59:54 IST" duration-ms="3136" status="PASS">
          <reporter-output>
          </reporter-output>
        </test-method> <!-- panicButoon -->
        <test-method signature="doorAndWindow()[pri:9, instance:chl.ApiClass@6cd24612]" started-at="2023-03-13T15:59:54 IST" name="doorAndWindow" finished-at="2023-03-13T15:59:56 IST" duration-ms="1176" status="PASS">
          <reporter-output>
          </reporter-output>
        </test-method> <!-- doorAndWindow -->
        <test-method signature="motion()[pri:10, instance:chl.ApiClass@6cd24612]" started-at="2023-03-13T15:59:56 IST" name="motion" finished-at="2023-03-13T15:59:57 IST" duration-ms="1193" status="PASS">
          <reporter-output>
          </reporter-output>
        </test-method> <!-- motion -->
      </class> <!-- chl.ApiClass -->
    </test> <!-- Create Patient and verify patient is created  -->
  </suite> <!-- CHL Create Patient -->
</testng-results>
