<?xml version="1.0" encoding="UTF-8"?>
<testng-results ignored="0" total="1" passed="1" failed="0" skipped="0">
  <reporter-output>
    <line>
      <![CDATA[Browser closed successfully]]>
    </line>
  </reporter-output>
  <suite started-at="2023-03-14T16:54:16 IST" name="Default suite" finished-at="2023-03-14T16:55:22 IST" duration-ms="66123">
    <groups>
    </groups>
    <test started-at="2023-03-14T16:54:16 IST" name="Default test" finished-at="2023-03-14T16:55:22 IST" duration-ms="66123">
      <class name="chl.AcceptAlerts">
        <test-method is-config="true" signature="driverInitiation()[pri:0, instance:chl.AcceptAlerts@475c9c31]" started-at="2023-03-14T16:54:12 IST" name="driverInitiation" description="Login into CHL" finished-at="2023-03-14T16:54:16 IST" duration-ms="3647" status="PASS">
          <reporter-output>
          </reporter-output>
        </test-method> <!-- driverInitiation -->
        <test-method signature="acceptAlerts()[pri:14, instance:chl.AcceptAlerts@475c9c31]" started-at="2023-03-14T16:54:16 IST" name="acceptAlerts" finished-at="2023-03-14T16:55:22 IST" duration-ms="66077" status="PASS">
          <reporter-output>
          </reporter-output>
        </test-method> <!-- acceptAlerts -->
        <test-method is-config="true" signature="closeBrowser()[pri:0, instance:chl.AcceptAlerts@475c9c31]" started-at="2023-03-14T16:55:22 IST" name="closeBrowser" description="Closing the browser" finished-at="2023-03-14T16:55:22 IST" duration-ms="134" status="PASS">
          <reporter-output>
            <line>
              <![CDATA[Browser closed successfully]]>
            </line>
          </reporter-output>
        </test-method> <!-- closeBrowser -->
      </class> <!-- chl.AcceptAlerts -->
    </test> <!-- Default test -->
  </suite> <!-- Default suite -->
</testng-results>
