<?xml version="1.0" encoding="UTF-8"?>
<!-- Generated by org.testng.reporters.JUnitXMLReporter -->
<testsuite ignored="2" hostname="Rehan" failures="0" tests="10" name="Create Patient and verify patient is created " time="46.633" errors="0" timestamp="2023-03-07T18:15:39 IST">
  <testcase classname="chl.CreatePatient" name="login" time="8.519"/>
  <testcase classname="chl.CreatePatient" name="createPatient" time="10.045"/>
  <testcase classname="chl.CreatePatient" name="patientList" time="5.457"/>
  <testcase classname="chl.CreateSensor" name="openTLSAdmin" time="5.191"/>
  <testcase classname="chl.CreateSensor" name="createNeedHelpSensor" time="3.36"/>
  <testcase classname="chl.CreateSensor" name="createDoorWindowSensor" time="3.305"/>
  <testcase classname="chl.CreateSensor" name="createMotionSensor" time="3.555"/>
  <testcase classname="utils.ApiClass" name="panicButoon" time="3.211"/>
  <testcase classname="utils.ApiClass" name="doorAndWindow" time="1.283"/>
  <testcase classname="utils.ApiClass" name="motion" time="1.224"/>
  <testcase classname="utils.InitiateDriver" name="@AfterSuite closeBrowser" time="0.0">
    <ignored/>
  </testcase> <!-- @AfterSuite closeBrowser -->
  <testcase classname="utils.InitiateDriver" name="@BeforeSuite driverInitiation" time="0.0">
    <ignored/>
  </testcase> <!-- @BeforeSuite driverInitiation -->
</testsuite> <!-- Create Patient and verify patient is created  -->
