<?xml version="1.0" encoding="UTF-8"?>
<!-- Generated by org.testng.reporters.JUnitXMLReporter -->
<testsuite ignored="6" hostname="Rehan" failures="0" tests="14" name="Create Patient and verify patient is created " time="155.898" errors="0" timestamp="2023-03-14T16:35:19 IST">
  <testcase classname="chl.CreateOwner" name="createOwner" time="11.067"/>
  <testcase classname="chl.CreateOwner" name="createSubscripion" time="4.859"/>
  <testcase classname="chl.CreateOwner" name="assignSubscriptionToOwner" time="4.241"/>
  <testcase classname="chl.CreatePatient" name="login" time="7.123"/>
  <testcase classname="chl.CreatePatient" name="createPatient" time="11.536"/>
  <testcase classname="chl.CreatePatient" name="patientList" time="6.645"/>
  <testcase classname="chl.CreateSensor" name="openTLSAdmin" time="3.385"/>
  <testcase classname="chl.CreateSensor" name="createNeedHelpSensor" time="4.398"/>
  <testcase classname="chl.CreateSensor" name="createDoorWindowSensor" time="4.407"/>
  <testcase classname="chl.CreateSensor" name="createMotionSensor" time="3.984"/>
  <testcase classname="chl.ApiClass" name="panicButoon" time="4.074"/>
  <testcase classname="chl.ApiClass" name="doorAndWindow" time="1.195"/>
  <testcase classname="chl.ApiClass" name="motion" time="1.448"/>
  <testcase classname="chl.AcceptAlerts" name="acceptAlerts" time="86.458"/>
  <testcase classname="utils.InitiateDriver" name="@AfterSuite closeBrowser" time="0.0">
    <ignored/>
  </testcase> <!-- @AfterSuite closeBrowser -->
  <testcase classname="utils.InitiateDriver" name="@BeforeSuite driverInitiation" time="0.0">
    <ignored/>
  </testcase> <!-- @BeforeSuite driverInitiation -->
  <testcase classname="utils.InitiateDriver" name="@BeforeSuite driverInitiation" time="0.0">
    <ignored/>
  </testcase> <!-- @BeforeSuite driverInitiation -->
  <testcase classname="utils.InitiateDriver" name="@AfterSuite closeBrowser" time="0.0">
    <ignored/>
  </testcase> <!-- @AfterSuite closeBrowser -->
  <testcase classname="utils.InitiateDriver" name="@BeforeSuite driverInitiation" time="0.0">
    <ignored/>
  </testcase> <!-- @BeforeSuite driverInitiation -->
  <testcase classname="utils.InitiateDriver" name="@AfterSuite closeBrowser" time="0.0">
    <ignored/>
  </testcase> <!-- @AfterSuite closeBrowser -->
</testsuite> <!-- Create Patient and verify patient is created  -->
