<?xml version="1.0" encoding="UTF-8"?>
<!-- Generated by org.testng.reporters.JUnitXMLReporter -->
<testsuite ignored="4" hostname="Rehan" failures="0" tests="11" name="Create Patient and verify patient is created " time="102.332" errors="0" timestamp="2023-03-13T16:00:48 IST">
  <testcase classname="chl.CreatePatient" name="login" time="9.142"/>
  <testcase classname="chl.CreatePatient" name="createPatient" time="11.722"/>
  <testcase classname="chl.CreatePatient" name="patientList" time="7.995"/>
  <testcase classname="chl.CreateSensor" name="openTLSAdmin" time="5.014"/>
  <testcase classname="chl.CreateSensor" name="createNeedHelpSensor" time="3.625"/>
  <testcase classname="chl.CreateSensor" name="createDoorWindowSensor" time="3.554"/>
  <testcase classname="chl.CreateSensor" name="createMotionSensor" time="3.694"/>
  <testcase classname="chl.ApiClass" name="panicButoon" time="3.136"/>
  <testcase classname="chl.ApiClass" name="doorAndWindow" time="1.176"/>
  <testcase classname="chl.ApiClass" name="motion" time="1.193"/>
  <testcase classname="chl.AcceptAlerts" name="acceptAlerts" time="50.871"/>
  <testcase classname="utils.InitiateDriver" name="@AfterSuite closeBrowser" time="0.0">
    <ignored/>
  </testcase> <!-- @AfterSuite closeBrowser -->
  <testcase classname="utils.InitiateDriver" name="@BeforeSuite driverInitiation" time="0.0">
    <ignored/>
  </testcase> <!-- @BeforeSuite driverInitiation -->
  <testcase classname="utils.InitiateDriver" name="@BeforeSuite driverInitiation" time="0.0">
    <ignored/>
  </testcase> <!-- @BeforeSuite driverInitiation -->
  <testcase classname="utils.InitiateDriver" name="@AfterSuite closeBrowser" time="0.0">
    <ignored/>
  </testcase> <!-- @AfterSuite closeBrowser -->
</testsuite> <!-- Create Patient and verify patient is created  -->
